2019-05-28 11:31:06,764 [INFO] from play.api.db.DefaultDBApi in play-dev-mode-akka.actor.default-dispatcher-2 - Database [default] initialized at jdbc:mysql://localhost:3306/todo
2019-05-28 11:31:06,773 [INFO] from application in play-dev-mode-akka.actor.default-dispatcher-2 - Creating Pool for datasource 'default'
2019-05-28 11:31:07,066 [INFO] from play.api.http.EnabledFilters in play-dev-mode-akka.actor.default-dispatcher-2 - Enabled Filters (see <https://www.playframework.com/documentation/latest/Filters>):

    play.filters.csrf.CSRFFilter
    play.filters.headers.SecurityHeadersFilter
    play.filters.hosts.AllowedHostsFilter

2019-05-28 11:31:07,072 [INFO] from play.api.Play in play-dev-mode-akka.actor.default-dispatcher-2 - Application started (Dev) (no global state)
2019-05-28 11:31:07,301 [ERROR] from application in application-akka.actor.default-dispatcher-3 - 

! @7c2jigclh - Internal server error, for (GET) [/task/list] ->
 
play.api.http.HttpErrorHandlerExceptions$$anon$1: Execution exception[[SQLException: Column 'timestamp' not found.]]
	at play.api.http.HttpErrorHandlerExceptions$.throwableToUsefulException(HttpErrorHandler.scala:323)
	at play.api.http.DefaultHttpErrorHandler.onServerError(HttpErrorHandler.scala:243)
	at play.core.server.AkkaHttpServer$$anonfun$1.applyOrElse(AkkaHttpServer.scala:382)
	at play.core.server.AkkaHttpServer$$anonfun$1.applyOrElse(AkkaHttpServer.scala:380)
	at scala.concurrent.Future.$anonfun$recoverWith$1(Future.scala:417)
	at scala.concurrent.impl.Promise.$anonfun$transformWith$1(Promise.scala:41)
	at scala.concurrent.impl.CallbackRunnable.run(Promise.scala:64)
	at akka.dispatch.BatchingExecutor$AbstractBatch.processBatch(BatchingExecutor.scala:55)
	at akka.dispatch.BatchingExecutor$BlockableBatch.$anonfun$run$1(BatchingExecutor.scala:91)
	at scala.runtime.java8.JFunction0$mcV$sp.apply(JFunction0$mcV$sp.java:23)
	at scala.concurrent.BlockContext$.withBlockContext(BlockContext.scala:85)
	at akka.dispatch.BatchingExecutor$BlockableBatch.run(BatchingExecutor.scala:91)
	at akka.dispatch.TaskInvocation.run(AbstractDispatcher.scala:40)
	at akka.dispatch.ForkJoinExecutorConfigurator$AkkaForkJoinTask.exec(ForkJoinExecutorConfigurator.scala:44)
	at akka.dispatch.forkjoin.ForkJoinTask.doExec(ForkJoinTask.java:260)
	at akka.dispatch.forkjoin.ForkJoinPool$WorkQueue.runTask(ForkJoinPool.java:1339)
	at akka.dispatch.forkjoin.ForkJoinPool.runWorker(ForkJoinPool.java:1979)
	at akka.dispatch.forkjoin.ForkJoinWorkerThread.run(ForkJoinWorkerThread.java:107)
Caused by: java.sql.SQLException: Column 'timestamp' not found.
	at com.mysql.jdbc.SQLError.createSQLException(SQLError.java:964)
	at com.mysql.jdbc.SQLError.createSQLException(SQLError.java:897)
	at com.mysql.jdbc.SQLError.createSQLException(SQLError.java:886)
	at com.mysql.jdbc.SQLError.createSQLException(SQLError.java:860)
	at com.mysql.jdbc.ResultSetImpl.findColumn(ResultSetImpl.java:1077)
	at com.mysql.jdbc.ResultSetImpl.getString(ResultSetImpl.java:5174)
	at com.zaxxer.hikari.pool.HikariProxyResultSet.getString(HikariProxyResultSet.java)
	at controllers.index.$anonfun$main$1(index.scala:34)
	at play.api.mvc.ActionBuilder.$anonfun$apply$11(Action.scala:364)
	at scala.Function1.$anonfun$andThen$1(Function1.scala:57)
	at play.api.mvc.ActionBuilderImpl.invokeBlock(Action.scala:483)
	at play.api.mvc.ActionBuilderImpl.invokeBlock(Action.scala:481)
	at play.api.mvc.ActionBuilder$$anon$9.invokeBlock(Action.scala:332)
	at play.api.mvc.ActionBuilder$$anon$9.invokeBlock(Action.scala:327)
	at play.api.mvc.ActionBuilder$$anon$10.apply(Action.scala:420)
	at play.api.mvc.Action.$anonfun$apply$2(Action.scala:97)
	at play.api.libs.streams.StrictAccumulator.$anonfun$mapFuture$4(Accumulator.scala:175)
	at scala.util.Try$.apply(Try.scala:213)
	at play.api.libs.streams.StrictAccumulator.$anonfun$mapFuture$3(Accumulator.scala:175)
	at scala.Function1.$anonfun$andThen$1(Function1.scala:57)
	at scala.Function1.$anonfun$andThen$1(Function1.scala:57)
	at scala.Function1.$anonfun$andThen$1(Function1.scala:57)
	at play.api.libs.streams.StrictAccumulator.run(Accumulator.scala:212)
	at play.core.server.AkkaHttpServer.$anonfun$runAction$4(AkkaHttpServer.scala:377)
	at akka.http.scaladsl.util.FastFuture$.strictTransform$1(FastFuture.scala:41)
	at akka.http.scaladsl.util.FastFuture$.$anonfun$transformWith$3(FastFuture.scala:51)
	... 12 common frames omitted
2019-05-28 11:33:51,115 [INFO] from application in application-akka.actor.default-dispatcher-2 - Shutting down connection pool.
2019-05-28 11:33:51,402 [INFO] from play.api.db.DefaultDBApi in play-dev-mode-akka.actor.default-dispatcher-14 - Database [default] initialized at jdbc:mysql://localhost:3306/todo
2019-05-28 11:33:51,403 [INFO] from application in play-dev-mode-akka.actor.default-dispatcher-14 - Creating Pool for datasource 'default'
2019-05-28 11:33:51,455 [INFO] from play.api.http.EnabledFilters in play-dev-mode-akka.actor.default-dispatcher-14 - Enabled Filters (see <https://www.playframework.com/documentation/latest/Filters>):

    play.filters.csrf.CSRFFilter
    play.filters.headers.SecurityHeadersFilter
    play.filters.hosts.AllowedHostsFilter

2019-05-28 11:33:51,457 [INFO] from play.api.Play in play-dev-mode-akka.actor.default-dispatcher-14 - Application started (Dev) (no global state)
2019-05-28 11:33:51,475 [ERROR] from application in application-akka.actor.default-dispatcher-5 - 

! @7c2jipli4 - Internal server error, for (GET) [/task/list] ->
 
play.api.http.HttpErrorHandlerExceptions$$anon$1: Execution exception[[SQLException: Column 'timestamp' not found.]]
	at play.api.http.HttpErrorHandlerExceptions$.throwableToUsefulException(HttpErrorHandler.scala:323)
	at play.api.http.DefaultHttpErrorHandler.onServerError(HttpErrorHandler.scala:243)
	at play.core.server.AkkaHttpServer$$anonfun$1.applyOrElse(AkkaHttpServer.scala:382)
	at play.core.server.AkkaHttpServer$$anonfun$1.applyOrElse(AkkaHttpServer.scala:380)
	at scala.concurrent.Future.$anonfun$recoverWith$1(Future.scala:417)
	at scala.concurrent.impl.Promise.$anonfun$transformWith$1(Promise.scala:41)
	at scala.concurrent.impl.CallbackRunnable.run(Promise.scala:64)
	at akka.dispatch.BatchingExecutor$AbstractBatch.processBatch(BatchingExecutor.scala:55)
	at akka.dispatch.BatchingExecutor$BlockableBatch.$anonfun$run$1(BatchingExecutor.scala:91)
	at scala.runtime.java8.JFunction0$mcV$sp.apply(JFunction0$mcV$sp.java:23)
	at scala.concurrent.BlockContext$.withBlockContext(BlockContext.scala:85)
	at akka.dispatch.BatchingExecutor$BlockableBatch.run(BatchingExecutor.scala:91)
	at akka.dispatch.TaskInvocation.run(AbstractDispatcher.scala:40)
	at akka.dispatch.ForkJoinExecutorConfigurator$AkkaForkJoinTask.exec(ForkJoinExecutorConfigurator.scala:44)
	at akka.dispatch.forkjoin.ForkJoinTask.doExec(ForkJoinTask.java:260)
	at akka.dispatch.forkjoin.ForkJoinPool$WorkQueue.runTask(ForkJoinPool.java:1339)
	at akka.dispatch.forkjoin.ForkJoinPool.runWorker(ForkJoinPool.java:1979)
	at akka.dispatch.forkjoin.ForkJoinWorkerThread.run(ForkJoinWorkerThread.java:107)
Caused by: java.sql.SQLException: Column 'timestamp' not found.
	at com.mysql.jdbc.SQLError.createSQLException(SQLError.java:964)
	at com.mysql.jdbc.SQLError.createSQLException(SQLError.java:897)
	at com.mysql.jdbc.SQLError.createSQLException(SQLError.java:886)
	at com.mysql.jdbc.SQLError.createSQLException(SQLError.java:860)
	at com.mysql.jdbc.ResultSetImpl.findColumn(ResultSetImpl.java:1077)
	at com.mysql.jdbc.ResultSetImpl.getString(ResultSetImpl.java:5174)
	at com.zaxxer.hikari.pool.HikariProxyResultSet.getString(HikariProxyResultSet.java)
	at controllers.index.$anonfun$main$1(index.scala:34)
	at play.api.mvc.ActionBuilder.$anonfun$apply$11(Action.scala:364)
	at scala.Function1.$anonfun$andThen$1(Function1.scala:57)
	at play.api.mvc.ActionBuilderImpl.invokeBlock(Action.scala:483)
	at play.api.mvc.ActionBuilderImpl.invokeBlock(Action.scala:481)
	at play.api.mvc.ActionBuilder$$anon$9.invokeBlock(Action.scala:332)
	at play.api.mvc.ActionBuilder$$anon$9.invokeBlock(Action.scala:327)
	at play.api.mvc.ActionBuilder$$anon$10.apply(Action.scala:420)
	at play.api.mvc.Action.$anonfun$apply$2(Action.scala:97)
	at play.api.libs.streams.StrictAccumulator.$anonfun$mapFuture$4(Accumulator.scala:175)
	at scala.util.Try$.apply(Try.scala:213)
	at play.api.libs.streams.StrictAccumulator.$anonfun$mapFuture$3(Accumulator.scala:175)
	at scala.Function1.$anonfun$andThen$1(Function1.scala:57)
	at scala.Function1.$anonfun$andThen$1(Function1.scala:57)
	at scala.Function1.$anonfun$andThen$1(Function1.scala:57)
	at play.api.libs.streams.StrictAccumulator.run(Accumulator.scala:212)
	at play.core.server.AkkaHttpServer.$anonfun$runAction$4(AkkaHttpServer.scala:377)
	at akka.http.scaladsl.util.FastFuture$.strictTransform$1(FastFuture.scala:41)
	at akka.http.scaladsl.util.FastFuture$.$anonfun$transformWith$3(FastFuture.scala:51)
	... 12 common frames omitted
2019-05-28 11:34:38,891 [INFO] from application in application-akka.actor.default-dispatcher-2 - Shutting down connection pool.
2019-05-28 11:34:39,119 [INFO] from play.api.db.DefaultDBApi in play-dev-mode-akka.actor.default-dispatcher-14 - Database [default] initialized at jdbc:mysql://localhost:3306/todo
2019-05-28 11:34:39,120 [INFO] from application in play-dev-mode-akka.actor.default-dispatcher-14 - Creating Pool for datasource 'default'
2019-05-28 11:34:39,169 [INFO] from play.api.http.EnabledFilters in play-dev-mode-akka.actor.default-dispatcher-14 - Enabled Filters (see <https://www.playframework.com/documentation/latest/Filters>):

    play.filters.csrf.CSRFFilter
    play.filters.headers.SecurityHeadersFilter
    play.filters.hosts.AllowedHostsFilter

2019-05-28 11:34:39,171 [INFO] from play.api.Play in play-dev-mode-akka.actor.default-dispatcher-14 - Application started (Dev) (no global state)
2019-05-28 11:48:16,901 [WARN] from com.zaxxer.hikari.pool.HikariPool in HikariPool-3 housekeeper - HikariPool-3 - Thread starvation or clock leap detected (housekeeper delta=5m37s631ms).
2019-05-28 13:07:37,328 [WARN] from com.zaxxer.hikari.pool.HikariPool in HikariPool-3 housekeeper - HikariPool-3 - Thread starvation or clock leap detected (housekeeper delta=1h15m20s386ms).
2019-05-28 14:45:31,670 [WARN] from com.zaxxer.hikari.pool.HikariPool in HikariPool-3 housekeeper - HikariPool-3 - Thread starvation or clock leap detected (housekeeper delta=39m23s969ms).
2019-05-28 16:31:36,951 [WARN] from com.zaxxer.hikari.pool.HikariPool in HikariPool-3 housekeeper - HikariPool-3 - Thread starvation or clock leap detected (housekeeper delta=28m4s680ms).
2019-05-29 05:46:23,808 [WARN] from com.zaxxer.hikari.pool.HikariPool in HikariPool-3 housekeeper - HikariPool-3 - Thread starvation or clock leap detected (housekeeper delta=12h1m14s479ms).
2019-05-29 11:18:03,127 [WARN] from com.zaxxer.hikari.pool.HikariPool in HikariPool-3 housekeeper - HikariPool-3 - Thread starvation or clock leap detected (housekeeper delta=5h31m39s319ms).
2019-05-29 11:49:58,611 [WARN] from com.zaxxer.hikari.pool.HikariPool in HikariPool-3 housekeeper - HikariPool-3 - Thread starvation or clock leap detected (housekeeper delta=3m24s111ms).
2019-05-29 12:37:28,197 [WARN] from com.zaxxer.hikari.pool.HikariPool in HikariPool-3 housekeeper - HikariPool-3 - Thread starvation or clock leap detected (housekeeper delta=30m58s797ms).
2019-05-29 12:51:07,292 [WARN] from com.zaxxer.hikari.pool.HikariPool in HikariPool-3 housekeeper - HikariPool-3 - Thread starvation or clock leap detected (housekeeper delta=3m7s748ms).
2019-05-29 13:03:31,568 [INFO] from play.core.server.AkkaHttpServer in play-dev-mode-shutdown-hook-1 - Stopping server...
2019-05-29 13:03:35,593 [INFO] from application in application-akka.actor.default-dispatcher-2 - Shutting down connection pool.
2019-05-29 13:03:43,664 [INFO] from play.api.db.DefaultDBApi in play-dev-mode-akka.actor.default-dispatcher-18 - Database [default] initialized at jdbc:mysql://localhost:3306/todo
2019-05-29 13:03:43,665 [INFO] from application in play-dev-mode-akka.actor.default-dispatcher-18 - Creating Pool for datasource 'default'
2019-05-29 13:03:43,737 [INFO] from play.api.http.EnabledFilters in play-dev-mode-akka.actor.default-dispatcher-18 - Enabled Filters (see <https://www.playframework.com/documentation/latest/Filters>):

    play.filters.csrf.CSRFFilter
    play.filters.headers.SecurityHeadersFilter
    play.filters.hosts.AllowedHostsFilter

2019-05-29 13:03:43,740 [INFO] from play.api.Play in play-dev-mode-akka.actor.default-dispatcher-18 - Application started (Dev) (no global state)
2019-05-29 13:03:43,741 [INFO] from application in application-akka.actor.default-dispatcher-2 - Shutting down connection pool.
